# JRE version: OpenJDK Runtime Environment (11.0.12+7) (build 11.0.12+7-b1504.28-7817840)
# Java VM: OpenJDK 64-Bit Server VM (11.0.12+7-b1504.28-7817840, mixed mode, tiered, compressed oops, g1 gc, windows-amd64)
Heap:
 garbage-first heap   total 400384K, used 200237K [0x0000000080000000, 0x0000000100000000)
  region size 1024K, 3 young (3072K), 3 survivors (3072K)
 Metaspace       used 107871K, capacity 110609K, committed 110736K, reserved 1144832K
  class space    used 13739K, capacity 14753K, committed 14840K, reserved 1048576K
GC Heap History (20 events):
Event: 1329.363 GC heap after
{Heap after GC invocations=25 (full 0):
 garbage-first heap   total 262144K, used 203264K [0x0000000080000000, 0x0000000100000000)
  region size 1024K, 4 young (4096K), 4 survivors (4096K)
 Metaspace       used 105044K, capacity 107637K, committed 107920K, reserved 1142784K
  class space    used 13339K, capacity 14290K, committed 14328K, reserved 1048576K
}
Event: 1329.697 GC heap before
{Heap before GC invocations=26 (full 0):
 garbage-first heap   total 262144K, used 218624K [0x0000000080000000, 0x0000000100000000)
  region size 1024K, 19 young (19456K), 4 survivors (4096K)
 Metaspace       used 106809K, capacity 109426K, committed 109456K, reserved 1144832K
  class space    used 13599K, capacity 14563K, committed 14584K, reserved 1048576K
}
Event: 1329.711 GC heap after
{Heap after GC invocations=27 (full 0):
 garbage-first heap   total 262144K, used 207738K [0x0000000080000000, 0x0000000100000000)
  region size 1024K, 3 young (3072K), 3 survivors (3072K)
 Metaspace       used 106809K, capacity 109426K, committed 109456K, reserved 1144832K
  class space    used 13599K, capacity 14563K, committed 14584K, reserved 1048576K
}
Event: 1329.759 GC heap before
{Heap before GC invocations=27 (full 0):
 garbage-first heap   total 262144K, used 216954K [0x0000000080000000, 0x0000000100000000)
  region size 1024K, 12 young (12288K), 3 survivors (3072K)
 Metaspace       used 106823K, capacity 109495K, committed 109712K, reserved 1144832K
  class space    used 13599K, capacity 14563K, committed 14584K, reserved 1048576K
}
Event: 1329.768 GC heap after
{Heap after GC invocations=28 (full 0):
 garbage-first heap   total 262144K, used 209434K [0x0000000080000000, 0x0000000100000000)
  region size 1024K, 2 young (2048K), 2 survivors (2048K)
 Metaspace       used 106823K, capacity 109495K, committed 109712K, reserved 1144832K
  class space    used 13599K, capacity 14563K, committed 14584K, reserved 1048576K
}
Event: 1329.873 GC heap before
{Heap before GC invocations=28 (full 0):
 garbage-first heap   total 262144K, used 221722K [0x0000000080000000, 0x0000000100000000)
  region size 1024K, 15 young (15360K), 2 survivors (2048K)
 Metaspace       used 106933K, capacity 109599K, committed 109712K, reserved 1144832K
  class space    used 13612K, capacity 14574K, committed 14584K, reserved 1048576K
}
Event: 1329.887 GC heap after
{Heap after GC invocations=29 (full 0):
 garbage-first heap   total 262144K, used 211759K [0x0000000080000000, 0x0000000100000000)
  region size 1024K, 2 young (2048K), 2 survivors (2048K)
 Metaspace       used 106933K, capacity 109599K, committed 109712K, reserved 1144832K
  class space    used 13612K, capacity 14574K, committed 14584K, reserved 1048576K
}
Event: 1330.089 GC heap before
{Heap before GC invocations=29 (full 0):
 garbage-first heap   total 262144K, used 224047K [0x0000000080000000, 0x0000000100000000)
  region size 1024K, 14 young (14336K), 2 survivors (2048K)
 Metaspace       used 107373K, capacity 110121K, committed 110352K, reserved 1144832K
  class space    used 13693K, capacity 14708K, committed 14712K, reserved 1048576K
}
Event: 1330.096 GC heap after
{Heap after GC invocations=30 (full 0):
 garbage-first heap   total 262144K, used 213494K [0x0000000080000000, 0x0000000100000000)
  region size 1024K, 2 young (2048K), 2 survivors (2048K)
 Metaspace       used 107373K, capacity 110121K, committed 110352K, reserved 1144832K
  class space    used 13693K, capacity 14708K, committed 14712K, reserved 1048576K
}
Event: 1330.239 GC heap before
{Heap before GC invocations=30 (full 0):
 garbage-first heap   total 262144K, used 217590K [0x0000000080000000, 0x0000000100000000)
  region size 1024K, 14 young (14336K), 2 survivors (2048K)
 Metaspace       used 107482K, capacity 110229K, committed 110480K, reserved 1144832K
  class space    used 13701K, capacity 14698K, committed 14840K, reserved 1048576K
}
Event: 1330.244 GC heap after
{Heap after GC invocations=31 (full 0):
 garbage-first heap   total 262144K, used 207027K [0x0000000080000000, 0x0000000100000000)
  region size 1024K, 2 young (2048K), 2 survivors (2048K)
 Metaspace       used 107482K, capacity 110229K, committed 110480K, reserved 1144832K
  class space    used 13701K, capacity 14698K, committed 14840K, reserved 1048576K
}
Event: 1330.402 GC heap before
{Heap before GC invocations=31 (full 0):
 garbage-first heap   total 262144K, used 221363K [0x0000000080000000, 0x0000000100000000)
  region size 1024K, 16 young (16384K), 2 survivors (2048K)
 Metaspace       used 107589K, capacity 110333K, committed 110480K, reserved 1144832K
  class space    used 13713K, capacity 14710K, committed 14840K, reserved 1048576K
}
Event: 1330.411 GC heap after
{Heap after GC invocations=32 (full 0):
 garbage-first heap   total 262144K, used 209194K [0x0000000080000000, 0x0000000100000000)
  region size 1024K, 2 young (2048K), 2 survivors (2048K)
 Metaspace       used 107589K, capacity 110333K, committed 110480K, reserved 1144832K
  class space    used 13713K, capacity 14710K, committed 14840K, reserved 1048576K
}
Event: 1330.450 GC heap before
{Heap before GC invocations=33 (full 0):
 garbage-first heap   total 262144K, used 223530K [0x0000000080000000, 0x0000000100000000)
  region size 1024K, 16 young (16384K), 2 survivors (2048K)
 Metaspace       used 107596K, capacity 110337K, committed 110480K, reserved 1144832K
  class space    used 13714K, capacity 14711K, committed 14840K, reserved 1048576K
}
Event: 1330.455 GC heap after
{Heap after GC invocations=34 (full 0):
 garbage-first heap   total 262144K, used 209732K [0x0000000080000000, 0x0000000100000000)
  region size 1024K, 1 young (1024K), 1 survivors (1024K)
 Metaspace       used 107596K, capacity 110337K, committed 110480K, reserved 1144832K
  class space    used 13714K, capacity 14711K, committed 14840K, reserved 1048576K
}
Event: 1330.600 GC heap before
{Heap before GC invocations=34 (full 0):
 garbage-first heap   total 262144K, used 219972K [0x0000000080000000, 0x0000000100000000)
  region size 1024K, 12 young (12288K), 1 survivors (1024K)
 Metaspace       used 107848K, capacity 110608K, committed 110736K, reserved 1144832K
  class space    used 13738K, capacity 14753K, committed 14840K, reserved 1048576K
}
Event: 1330.621 GC heap after
{Heap after GC invocations=35 (full 0):
 garbage-first heap   total 262144K, used 195374K [0x0000000080000000, 0x0000000100000000)
  region size 1024K, 2 young (2048K), 2 survivors (2048K)
 Metaspace       used 107848K, capacity 110608K, committed 110736K, reserved 1144832K
  class space    used 13738K, capacity 14753K, committed 14840K, reserved 1048576K
}
Event: 1330.772 GC heap before
{Heap before GC invocations=35 (full 0):
 garbage-first heap   total 262144K, used 207662K [0x0000000080000000, 0x0000000100000000)
  region size 1024K, 15 young (15360K), 2 survivors (2048K)
 Metaspace       used 107862K, capacity 110609K, committed 110736K, reserved 1144832K
  class space    used 13738K, capacity 14753K, committed 14840K, reserved 1048576K
}
Event: 1330.781 GC heap after
{Heap after GC invocations=36 (full 0):
 garbage-first heap   total 262144K, used 196704K [0x0000000080000000, 0x0000000100000000)
  region size 1024K, 3 young (3072K), 3 survivors (3072K)
 Metaspace       used 107862K, capacity 110609K, committed 110736K, reserved 1144832K
  class space    used 13738K, capacity 14753K, committed 14840K, reserved 1048576K
}
Event: 1331.069 GC heap before
{Heap before GC invocations=36 (full 0):
 garbage-first heap   total 262144K, used 218208K [0x0000000080000000, 0x0000000100000000)
  region size 1024K, 22 young (22528K), 3 survivors (3072K)
 Metaspace       used 107871K, capacity 110609K, committed 110736K, reserved 1144832K
  class space    used 13739K, capacity 14753K, committed 14840K, reserved 1048576K
}

