# JRE version: OpenJDK Runtime Environment (11.0.12+7) (build 11.0.12+7-b1504.28-7817840)
# Java VM: OpenJDK 64-Bit Server VM (11.0.12+7-b1504.28-7817840, mixed mode, tiered, compressed oops, g1 gc, windows-amd64)
Heap:
 garbage-first heap   total 260096K, used 128232K [0x0000000080000000, 0x0000000100000000)
  region size 1024K, 61 young (62464K), 9 survivors (9216K)
 Metaspace       used 84278K, capacity 86598K, committed 86732K, reserved 1124352K
  class space    used 10841K, capacity 11702K, committed 11724K, reserved 1048576K
GC Heap History (20 events):
Event: 2.267 GC heap before
{Heap before GC invocations=0 (full 0):
 garbage-first heap   total 260096K, used 29696K [0x0000000080000000, 0x0000000100000000)
  region size 1024K, 24 young (24576K), 0 survivors (0K)
 Metaspace       used 10155K, capacity 10403K, committed 10624K, reserved 1058816K
  class space    used 1060K, capacity 1106K, committed 1152K, reserved 1048576K
}
Event: 2.273 GC heap after
{Heap after GC invocations=1 (full 0):
 garbage-first heap   total 260096K, used 9300K [0x0000000080000000, 0x0000000100000000)
  region size 1024K, 3 young (3072K), 3 survivors (3072K)
 Metaspace       used 10155K, capacity 10403K, committed 10624K, reserved 1058816K
  class space    used 1060K, capacity 1106K, committed 1152K, reserved 1048576K
}
Event: 7.884 GC heap before
{Heap before GC invocations=1 (full 0):
 garbage-first heap   total 260096K, used 105556K [0x0000000080000000, 0x0000000100000000)
  region size 1024K, 98 young (100352K), 3 survivors (3072K)
 Metaspace       used 20597K, capacity 21104K, committed 21248K, reserved 1067008K
  class space    used 2509K, capacity 2690K, committed 2816K, reserved 1048576K
}
Event: 7.892 GC heap after
{Heap after GC invocations=2 (full 0):
 garbage-first heap   total 260096K, used 16233K [0x0000000080000000, 0x0000000100000000)
  region size 1024K, 10 young (10240K), 10 survivors (10240K)
 Metaspace       used 20597K, capacity 21104K, committed 21248K, reserved 1067008K
  class space    used 2509K, capacity 2690K, committed 2816K, reserved 1048576K
}
Event: 8.726 GC heap before
{Heap before GC invocations=3 (full 0):
 garbage-first heap   total 260096K, used 76649K [0x0000000080000000, 0x0000000100000000)
  region size 1024K, 70 young (71680K), 10 survivors (10240K)
 Metaspace       used 26512K, capacity 27276K, committed 27392K, reserved 1073152K
  class space    used 3487K, capacity 3755K, committed 3840K, reserved 1048576K
}
Event: 8.732 GC heap after
{Heap after GC invocations=4 (full 0):
 garbage-first heap   total 260096K, used 18801K [0x0000000080000000, 0x0000000100000000)
  region size 1024K, 3 young (3072K), 3 survivors (3072K)
 Metaspace       used 26512K, capacity 27276K, committed 27392K, reserved 1073152K
  class space    used 3487K, capacity 3755K, committed 3840K, reserved 1048576K
}
Event: 9.704 GC heap before
{Heap before GC invocations=4 (full 0):
 garbage-first heap   total 260096K, used 67953K [0x0000000080000000, 0x0000000100000000)
  region size 1024K, 52 young (53248K), 3 survivors (3072K)
 Metaspace       used 35082K, capacity 35838K, committed 35840K, reserved 1081344K
  class space    used 4542K, capacity 4864K, committed 4864K, reserved 1048576K
}
Event: 9.716 GC heap after
{Heap after GC invocations=5 (full 0):
 garbage-first heap   total 260096K, used 21919K [0x0000000080000000, 0x0000000100000000)
  region size 1024K, 6 young (6144K), 6 survivors (6144K)
 Metaspace       used 35082K, capacity 35838K, committed 35840K, reserved 1081344K
  class space    used 4542K, capacity 4864K, committed 4864K, reserved 1048576K
}
Event: 11.420 GC heap before
{Heap before GC invocations=6 (full 0):
 garbage-first heap   total 260096K, used 134559K [0x0000000080000000, 0x0000000100000000)
  region size 1024K, 113 young (115712K), 6 survivors (6144K)
 Metaspace       used 43705K, capacity 44800K, committed 45004K, reserved 1087488K
  class space    used 5581K, capacity 5966K, committed 6092K, reserved 1048576K
}
Event: 11.433 GC heap after
{Heap after GC invocations=7 (full 0):
 garbage-first heap   total 260096K, used 28534K [0x0000000080000000, 0x0000000100000000)
  region size 1024K, 12 young (12288K), 12 survivors (12288K)
 Metaspace       used 43705K, capacity 44800K, committed 45004K, reserved 1087488K
  class space    used 5581K, capacity 5966K, committed 6092K, reserved 1048576K
}
Event: 14.818 GC heap before
{Heap before GC invocations=7 (full 0):
 garbage-first heap   total 260096K, used 164726K [0x0000000080000000, 0x0000000100000000)
  region size 1024K, 142 young (145408K), 12 survivors (12288K)
 Metaspace       used 56136K, capacity 57638K, committed 57932K, reserved 1099776K
  class space    used 7077K, capacity 7626K, committed 7756K, reserved 1048576K
}
Event: 14.841 GC heap after
{Heap after GC invocations=8 (full 0):
 garbage-first heap   total 260096K, used 43736K [0x0000000080000000, 0x0000000100000000)
  region size 1024K, 18 young (18432K), 18 survivors (18432K)
 Metaspace       used 56136K, capacity 57638K, committed 57932K, reserved 1099776K
  class space    used 7077K, capacity 7626K, committed 7756K, reserved 1048576K
}
Event: 15.201 GC heap before
{Heap before GC invocations=8 (full 0):
 garbage-first heap   total 260096K, used 59096K [0x0000000080000000, 0x0000000100000000)
  region size 1024K, 34 young (34816K), 18 survivors (18432K)
 Metaspace       used 58652K, capacity 60165K, committed 60236K, reserved 1101824K
  class space    used 7404K, capacity 7975K, committed 8012K, reserved 1048576K
}
Event: 15.233 GC heap after
{Heap after GC invocations=9 (full 0):
 garbage-first heap   total 260096K, used 46635K [0x0000000080000000, 0x0000000100000000)
  region size 1024K, 3 young (3072K), 3 survivors (3072K)
 Metaspace       used 58652K, capacity 60165K, committed 60236K, reserved 1101824K
  class space    used 7404K, capacity 7975K, committed 8012K, reserved 1048576K
}
Event: 17.424 GC heap before
{Heap before GC invocations=10 (full 0):
 garbage-first heap   total 260096K, used 187947K [0x0000000080000000, 0x0000000100000000)
  region size 1024K, 141 young (144384K), 3 survivors (3072K)
 Metaspace       used 70226K, capacity 71961K, committed 72268K, reserved 1112064K
  class space    used 9046K, capacity 9706K, committed 9804K, reserved 1048576K
}
Event: 17.437 GC heap after
{Heap after GC invocations=11 (full 0):
 garbage-first heap   total 260096K, used 55443K [0x0000000080000000, 0x0000000100000000)
  region size 1024K, 12 young (12288K), 12 survivors (12288K)
 Metaspace       used 70226K, capacity 71961K, committed 72268K, reserved 1112064K
  class space    used 9046K, capacity 9706K, committed 9804K, reserved 1048576K
}
Event: 19.731 GC heap before
{Heap before GC invocations=11 (full 0):
 garbage-first heap   total 260096K, used 193683K [0x0000000080000000, 0x0000000100000000)
  region size 1024K, 148 young (151552K), 12 survivors (12288K)
 Metaspace       used 81246K, capacity 83300K, committed 83532K, reserved 1122304K
  class space    used 10539K, capacity 11291K, committed 11340K, reserved 1048576K
}
Event: 19.753 GC heap after
{Heap after GC invocations=12 (full 0):
 garbage-first heap   total 260096K, used 67040K [0x0000000080000000, 0x0000000100000000)
  region size 1024K, 12 young (12288K), 12 survivors (12288K)
 Metaspace       used 81246K, capacity 83300K, committed 83532K, reserved 1122304K
  class space    used 10539K, capacity 11291K, committed 11340K, reserved 1048576K
}
Event: 22.532 GC heap before
{Heap before GC invocations=12 (full 0):
 garbage-first heap   total 260096K, used 197088K [0x0000000080000000, 0x0000000100000000)
  region size 1024K, 140 young (143360K), 12 survivors (12288K)
 Metaspace       used 83068K, capacity 85375K, committed 85580K, reserved 1124352K
  class space    used 10696K, capacity 11532K, committed 11596K, reserved 1048576K
}
Event: 22.560 GC heap after
{Heap after GC invocations=13 (full 0):
 garbage-first heap   total 260096K, used 76008K [0x0000000080000000, 0x0000000100000000)
  region size 1024K, 9 young (9216K), 9 survivors (9216K)
 Metaspace       used 83068K, capacity 85375K, committed 85580K, reserved 1124352K
  class space    used 10696K, capacity 11532K, committed 11596K, reserved 1048576K
}

