# JRE version: OpenJDK Runtime Environment (11.0.12+7) (build 11.0.12+7-b1504.28-7817840)
# Java VM: OpenJDK 64-Bit Server VM (11.0.12+7-b1504.28-7817840, mixed mode, tiered, compressed oops, g1 gc, windows-amd64)
Heap:
 garbage-first heap   total 260096K, used 106787K [0x0000000080000000, 0x0000000100000000)
  region size 1024K, 65 young (66560K), 12 survivors (12288K)
 Metaspace       used 71094K, capacity 72831K, committed 73164K, reserved 1112064K
  class space    used 9168K, capacity 9798K, committed 9932K, reserved 1048576K
GC Heap History (16 events):
Event: 2.367 GC heap before
{Heap before GC invocations=0 (full 0):
 garbage-first heap   total 260096K, used 29696K [0x0000000080000000, 0x0000000100000000)
  region size 1024K, 24 young (24576K), 0 survivors (0K)
 Metaspace       used 10161K, capacity 10403K, committed 10624K, reserved 1058816K
  class space    used 1059K, capacity 1106K, committed 1152K, reserved 1048576K
}
Event: 2.371 GC heap after
{Heap after GC invocations=1 (full 0):
 garbage-first heap   total 260096K, used 9329K [0x0000000080000000, 0x0000000100000000)
  region size 1024K, 3 young (3072K), 3 survivors (3072K)
 Metaspace       used 10161K, capacity 10403K, committed 10624K, reserved 1058816K
  class space    used 1059K, capacity 1106K, committed 1152K, reserved 1048576K
}
Event: 6.925 GC heap before
{Heap before GC invocations=1 (full 0):
 garbage-first heap   total 260096K, used 105585K [0x0000000080000000, 0x0000000100000000)
  region size 1024K, 98 young (100352K), 3 survivors (3072K)
 Metaspace       used 20587K, capacity 21104K, committed 21248K, reserved 1067008K
  class space    used 2510K, capacity 2690K, committed 2816K, reserved 1048576K
}
Event: 6.935 GC heap after
{Heap after GC invocations=2 (full 0):
 garbage-first heap   total 260096K, used 16454K [0x0000000080000000, 0x0000000100000000)
  region size 1024K, 10 young (10240K), 10 survivors (10240K)
 Metaspace       used 20587K, capacity 21104K, committed 21248K, reserved 1067008K
  class space    used 2510K, capacity 2690K, committed 2816K, reserved 1048576K
}
Event: 7.492 GC heap before
{Heap before GC invocations=3 (full 0):
 garbage-first heap   total 260096K, used 59462K [0x0000000080000000, 0x0000000100000000)
  region size 1024K, 52 young (53248K), 10 survivors (10240K)
 Metaspace       used 24878K, capacity 25452K, committed 25728K, reserved 1071104K
  class space    used 3214K, capacity 3420K, committed 3456K, reserved 1048576K
}
Event: 7.500 GC heap after
{Heap after GC invocations=4 (full 0):
 garbage-first heap   total 260096K, used 18189K [0x0000000080000000, 0x0000000100000000)
  region size 1024K, 2 young (2048K), 2 survivors (2048K)
 Metaspace       used 24878K, capacity 25452K, committed 25728K, reserved 1071104K
  class space    used 3214K, capacity 3420K, committed 3456K, reserved 1048576K
}
Event: 8.860 GC heap before
{Heap before GC invocations=4 (full 0):
 garbage-first heap   total 260096K, used 86797K [0x0000000080000000, 0x0000000100000000)
  region size 1024K, 70 young (71680K), 2 survivors (2048K)
 Metaspace       used 35085K, capacity 35838K, committed 35840K, reserved 1081344K
  class space    used 4552K, capacity 4864K, committed 4864K, reserved 1048576K
}
Event: 8.870 GC heap after
{Heap after GC invocations=5 (full 0):
 garbage-first heap   total 260096K, used 21758K [0x0000000080000000, 0x0000000100000000)
  region size 1024K, 6 young (6144K), 6 survivors (6144K)
 Metaspace       used 35085K, capacity 35838K, committed 35840K, reserved 1081344K
  class space    used 4552K, capacity 4864K, committed 4864K, reserved 1048576K
}
Event: 10.348 GC heap before
{Heap before GC invocations=6 (full 0):
 garbage-first heap   total 260096K, used 123134K [0x0000000080000000, 0x0000000100000000)
  region size 1024K, 102 young (104448K), 6 survivors (6144K)
 Metaspace       used 42891K, capacity 44026K, committed 44364K, reserved 1087488K
  class space    used 5463K, capacity 5855K, committed 5964K, reserved 1048576K
}
Event: 10.361 GC heap after
{Heap after GC invocations=7 (full 0):
 garbage-first heap   total 260096K, used 28896K [0x0000000080000000, 0x0000000100000000)
  region size 1024K, 13 young (13312K), 13 survivors (13312K)
 Metaspace       used 42891K, capacity 44026K, committed 44364K, reserved 1087488K
  class space    used 5463K, capacity 5855K, committed 5964K, reserved 1048576K
}
Event: 31.779 GC heap before
{Heap before GC invocations=7 (full 0):
 garbage-first heap   total 260096K, used 150752K [0x0000000080000000, 0x0000000100000000)
  region size 1024K, 129 young (132096K), 13 survivors (13312K)
 Metaspace       used 51884K, capacity 53277K, committed 53580K, reserved 1095680K
  class space    used 6611K, capacity 7153K, committed 7244K, reserved 1048576K
}
Event: 31.796 GC heap after
{Heap after GC invocations=8 (full 0):
 garbage-first heap   total 260096K, used 42782K [0x0000000080000000, 0x0000000100000000)
  region size 1024K, 17 young (17408K), 17 survivors (17408K)
 Metaspace       used 51884K, capacity 53277K, committed 53580K, reserved 1095680K
  class space    used 6611K, capacity 7153K, committed 7244K, reserved 1048576K
}
Event: 34.277 GC heap before
{Heap before GC invocations=8 (full 0):
 garbage-first heap   total 260096K, used 83742K [0x0000000080000000, 0x0000000100000000)
  region size 1024K, 58 young (59392K), 17 survivors (17408K)
 Metaspace       used 58634K, capacity 60127K, committed 60236K, reserved 1101824K
  class space    used 7397K, capacity 7960K, committed 8012K, reserved 1048576K
}
Event: 34.313 GC heap after
{Heap after GC invocations=9 (full 0):
 garbage-first heap   total 260096K, used 45167K [0x0000000080000000, 0x0000000100000000)
  region size 1024K, 3 young (3072K), 3 survivors (3072K)
 Metaspace       used 58634K, capacity 60127K, committed 60236K, reserved 1101824K
  class space    used 7397K, capacity 7960K, committed 8012K, reserved 1048576K
}
Event: 40.730 GC heap before
{Heap before GC invocations=10 (full 0):
 garbage-first heap   total 260096K, used 168047K [0x0000000080000000, 0x0000000100000000)
  region size 1024K, 123 young (125952K), 3 survivors (3072K)
 Metaspace       used 68862K, capacity 70620K, committed 70732K, reserved 1110016K
  class space    used 8861K, capacity 9496K, committed 9548K, reserved 1048576K
}
Event: 40.741 GC heap after
{Heap after GC invocations=11 (full 0):
 garbage-first heap   total 260096K, used 53539K [0x0000000080000000, 0x0000000100000000)
  region size 1024K, 12 young (12288K), 12 survivors (12288K)
 Metaspace       used 68862K, capacity 70620K, committed 70732K, reserved 1110016K
  class space    used 8861K, capacity 9496K, committed 9548K, reserved 1048576K
}

