# JRE version: OpenJDK Runtime Environment (11.0.12+7) (build 11.0.12+7-b1504.28-7817840)
# Java VM: OpenJDK 64-Bit Server VM (11.0.12+7-b1504.28-7817840, mixed mode, tiered, compressed oops, g1 gc, windows-amd64)
Heap:
 garbage-first heap   total 260096K, used 155391K [0x0000000080000000, 0x0000000100000000)
  region size 1024K, 87 young (89088K), 8 survivors (8192K)
 Metaspace       used 86035K, capacity 88225K, committed 88448K, reserved 1126400K
  class space    used 11037K, capacity 11841K, committed 11904K, reserved 1048576K
GC Heap History (20 events):
Event: 18.519 GC heap before
{Heap before GC invocations=3 (full 0):
 garbage-first heap   total 260096K, used 38336K [0x0000000080000000, 0x0000000100000000)
  region size 1024K, 31 young (31744K), 10 survivors (10240K)
 Metaspace       used 22325K, capacity 22962K, committed 23040K, reserved 1069056K
  class space    used 2837K, capacity 3042K, committed 3072K, reserved 1048576K
}
Event: 18.529 GC heap after
{Heap after GC invocations=4 (full 0):
 garbage-first heap   total 260096K, used 17425K [0x0000000080000000, 0x0000000100000000)
  region size 1024K, 1 young (1024K), 1 survivors (1024K)
 Metaspace       used 22325K, capacity 22962K, committed 23040K, reserved 1069056K
  class space    used 2837K, capacity 3042K, committed 3072K, reserved 1048576K
}
Event: 20.975 GC heap before
{Heap before GC invocations=4 (full 0):
 garbage-first heap   total 260096K, used 83985K [0x0000000080000000, 0x0000000100000000)
  region size 1024K, 66 young (67584K), 1 survivors (1024K)
 Metaspace       used 29126K, capacity 29861K, committed 30080K, reserved 1075200K
  class space    used 3896K, capacity 4173K, committed 4224K, reserved 1048576K
}
Event: 20.979 GC heap after
{Heap after GC invocations=5 (full 0):
 garbage-first heap   total 260096K, used 19416K [0x0000000080000000, 0x0000000100000000)
  region size 1024K, 3 young (3072K), 3 survivors (3072K)
 Metaspace       used 29126K, capacity 29861K, committed 30080K, reserved 1075200K
  class space    used 3896K, capacity 4173K, committed 4224K, reserved 1048576K
}
Event: 21.975 GC heap before
{Heap before GC invocations=5 (full 0):
 garbage-first heap   total 260096K, used 40920K [0x0000000080000000, 0x0000000100000000)
  region size 1024K, 26 young (26624K), 3 survivors (3072K)
 Metaspace       used 35021K, capacity 35790K, committed 35840K, reserved 1081344K
  class space    used 4537K, capacity 4832K, committed 4864K, reserved 1048576K
}
Event: 21.986 GC heap after
{Heap after GC invocations=6 (full 0):
 garbage-first heap   total 260096K, used 22498K [0x0000000080000000, 0x0000000100000000)
  region size 1024K, 6 young (6144K), 6 survivors (6144K)
 Metaspace       used 35021K, capacity 35790K, committed 35840K, reserved 1081344K
  class space    used 4537K, capacity 4832K, committed 4864K, reserved 1048576K
}
Event: 24.892 GC heap before
{Heap before GC invocations=7 (full 0):
 garbage-first heap   total 260096K, used 120802K [0x0000000080000000, 0x0000000100000000)
  region size 1024K, 99 young (101376K), 6 survivors (6144K)
 Metaspace       used 42729K, capacity 43735K, committed 44032K, reserved 1087488K
  class space    used 5414K, capacity 5786K, committed 5888K, reserved 1048576K
}
Event: 24.901 GC heap after
{Heap after GC invocations=8 (full 0):
 garbage-first heap   total 260096K, used 28188K [0x0000000080000000, 0x0000000100000000)
  region size 1024K, 12 young (12288K), 12 survivors (12288K)
 Metaspace       used 42729K, capacity 43735K, committed 44032K, reserved 1087488K
  class space    used 5414K, capacity 5786K, committed 5888K, reserved 1048576K
}
Event: 28.708 GC heap before
{Heap before GC invocations=8 (full 0):
 garbage-first heap   total 260096K, used 134684K [0x0000000080000000, 0x0000000100000000)
  region size 1024K, 113 young (115712K), 12 survivors (12288K)
 Metaspace       used 49433K, capacity 50805K, committed 50944K, reserved 1093632K
  class space    used 6314K, capacity 6804K, committed 6912K, reserved 1048576K
}
Event: 28.726 GC heap after
{Heap after GC invocations=9 (full 0):
 garbage-first heap   total 260096K, used 41462K [0x0000000080000000, 0x0000000100000000)
  region size 1024K, 15 young (15360K), 15 survivors (15360K)
 Metaspace       used 49433K, capacity 50805K, committed 50944K, reserved 1093632K
  class space    used 6314K, capacity 6804K, committed 6912K, reserved 1048576K
}
Event: 30.724 GC heap before
{Heap before GC invocations=9 (full 0):
 garbage-first heap   total 260096K, used 98806K [0x0000000080000000, 0x0000000100000000)
  region size 1024K, 72 young (73728K), 15 survivors (15360K)
 Metaspace       used 58540K, capacity 59968K, committed 60160K, reserved 1101824K
  class space    used 7379K, capacity 7913K, committed 7936K, reserved 1048576K
}
Event: 30.757 GC heap after
{Heap after GC invocations=10 (full 0):
 garbage-first heap   total 260096K, used 44978K [0x0000000080000000, 0x0000000100000000)
  region size 1024K, 3 young (3072K), 3 survivors (3072K)
 Metaspace       used 58540K, capacity 59968K, committed 60160K, reserved 1101824K
  class space    used 7379K, capacity 7913K, committed 7936K, reserved 1048576K
}
Event: 34.052 GC heap before
{Heap before GC invocations=11 (full 0):
 garbage-first heap   total 260096K, used 145330K [0x0000000080000000, 0x0000000100000000)
  region size 1024K, 101 young (103424K), 3 survivors (3072K)
 Metaspace       used 65790K, capacity 67377K, committed 67584K, reserved 1107968K
  class space    used 8316K, capacity 8893K, committed 8960K, reserved 1048576K
}
Event: 34.064 GC heap after
{Heap after GC invocations=12 (full 0):
 garbage-first heap   total 260096K, used 52720K [0x0000000080000000, 0x0000000100000000)
  region size 1024K, 11 young (11264K), 11 survivors (11264K)
 Metaspace       used 65790K, capacity 67377K, committed 67584K, reserved 1107968K
  class space    used 8316K, capacity 8893K, committed 8960K, reserved 1048576K
}
Event: 37.456 GC heap before
{Heap before GC invocations=12 (full 0):
 garbage-first heap   total 260096K, used 155120K [0x0000000080000000, 0x0000000100000000)
  region size 1024K, 111 young (113664K), 11 survivors (11264K)
 Metaspace       used 73578K, capacity 75399K, committed 75520K, reserved 1114112K
  class space    used 9529K, capacity 10208K, committed 10240K, reserved 1048576K
}
Event: 37.475 GC heap after
{Heap after GC invocations=13 (full 0):
 garbage-first heap   total 260096K, used 59866K [0x0000000080000000, 0x0000000100000000)
  region size 1024K, 8 young (8192K), 8 survivors (8192K)
 Metaspace       used 73578K, capacity 75399K, committed 75520K, reserved 1114112K
  class space    used 9529K, capacity 10208K, committed 10240K, reserved 1048576K
}
Event: 42.105 GC heap before
{Heap before GC invocations=13 (full 0):
 garbage-first heap   total 260096K, used 164314K [0x0000000080000000, 0x0000000100000000)
  region size 1024K, 111 young (113664K), 8 survivors (8192K)
 Metaspace       used 82098K, capacity 84244K, committed 84352K, reserved 1122304K
  class space    used 10601K, capacity 11382K, committed 11392K, reserved 1048576K
}
Event: 42.125 GC heap after
{Heap after GC invocations=14 (full 0):
 garbage-first heap   total 260096K, used 69016K [0x0000000080000000, 0x0000000100000000)
  region size 1024K, 14 young (14336K), 14 survivors (14336K)
 Metaspace       used 82098K, capacity 84244K, committed 84352K, reserved 1122304K
  class space    used 10601K, capacity 11382K, committed 11392K, reserved 1048576K
}
Event: 45.923 GC heap before
{Heap before GC invocations=14 (full 0):
 garbage-first heap   total 260096K, used 176536K [0x0000000080000000, 0x0000000100000000)
  region size 1024K, 120 young (122880K), 14 survivors (14336K)
 Metaspace       used 83045K, capacity 85181K, committed 85248K, reserved 1122304K
  class space    used 10662K, capacity 11453K, committed 11520K, reserved 1048576K
}
Event: 45.944 GC heap after
{Heap after GC invocations=15 (full 0):
 garbage-first heap   total 260096K, used 76543K [0x0000000080000000, 0x0000000100000000)
  region size 1024K, 8 young (8192K), 8 survivors (8192K)
 Metaspace       used 83045K, capacity 85181K, committed 85248K, reserved 1122304K
  class space    used 10662K, capacity 11453K, committed 11520K, reserved 1048576K
}

