# JRE version: OpenJDK Runtime Environment (11.0.12+7) (build 11.0.12+7-b1504.28-7817840)
# Java VM: OpenJDK 64-Bit Server VM (11.0.12+7-b1504.28-7817840, mixed mode, tiered, compressed oops, g1 gc, windows-amd64)
Heap:
 garbage-first heap   total 260096K, used 99093K [0x0000000080000000, 0x0000000100000000)
  region size 1024K, 82 young (83968K), 12 survivors (12288K)
 Metaspace       used 47204K, capacity 48436K, committed 48512K, reserved 1091584K
  class space    used 6038K, capacity 6488K, committed 6528K, reserved 1048576K
GC Heap History (10 events):
Event: 1.419 GC heap before
{Heap before GC invocations=0 (full 0):
 garbage-first heap   total 260096K, used 29696K [0x0000000080000000, 0x0000000100000000)
  region size 1024K, 24 young (24576K), 0 survivors (0K)
 Metaspace       used 10162K, capacity 10403K, committed 10624K, reserved 1058816K
  class space    used 1060K, capacity 1106K, committed 1152K, reserved 1048576K
}
Event: 1.423 GC heap after
{Heap after GC invocations=1 (full 0):
 garbage-first heap   total 260096K, used 9699K [0x0000000080000000, 0x0000000100000000)
  region size 1024K, 3 young (3072K), 3 survivors (3072K)
 Metaspace       used 10162K, capacity 10403K, committed 10624K, reserved 1058816K
  class space    used 1060K, capacity 1106K, committed 1152K, reserved 1048576K
}
Event: 5.642 GC heap before
{Heap before GC invocations=1 (full 0):
 garbage-first heap   total 260096K, used 105955K [0x0000000080000000, 0x0000000100000000)
  region size 1024K, 98 young (100352K), 3 survivors (3072K)
 Metaspace       used 20606K, capacity 21104K, committed 21248K, reserved 1067008K
  class space    used 2511K, capacity 2690K, committed 2816K, reserved 1048576K
}
Event: 5.653 GC heap after
{Heap after GC invocations=2 (full 0):
 garbage-first heap   total 260096K, used 16621K [0x0000000080000000, 0x0000000100000000)
  region size 1024K, 10 young (10240K), 10 survivors (10240K)
 Metaspace       used 20606K, capacity 21104K, committed 21248K, reserved 1067008K
  class space    used 2511K, capacity 2690K, committed 2816K, reserved 1048576K
}
Event: 6.225 GC heap before
{Heap before GC invocations=3 (full 0):
 garbage-first heap   total 260096K, used 55533K [0x0000000080000000, 0x0000000100000000)
  region size 1024K, 48 young (49152K), 10 survivors (10240K)
 Metaspace       used 24370K, capacity 25062K, committed 25216K, reserved 1071104K
  class space    used 3135K, capacity 3353K, committed 3456K, reserved 1048576K
}
Event: 6.230 GC heap after
{Heap after GC invocations=4 (full 0):
 garbage-first heap   total 260096K, used 18412K [0x0000000080000000, 0x0000000100000000)
  region size 1024K, 2 young (2048K), 2 survivors (2048K)
 Metaspace       used 24370K, capacity 25062K, committed 25216K, reserved 1071104K
  class space    used 3135K, capacity 3353K, committed 3456K, reserved 1048576K
}
Event: 7.794 GC heap before
{Heap before GC invocations=4 (full 0):
 garbage-first heap   total 260096K, used 91116K [0x0000000080000000, 0x0000000100000000)
  region size 1024K, 74 young (75776K), 2 survivors (2048K)
 Metaspace       used 35093K, capacity 35838K, committed 35840K, reserved 1081344K
  class space    used 4550K, capacity 4864K, committed 4864K, reserved 1048576K
}
Event: 7.807 GC heap after
{Heap after GC invocations=5 (full 0):
 garbage-first heap   total 260096K, used 22020K [0x0000000080000000, 0x0000000100000000)
  region size 1024K, 6 young (6144K), 6 survivors (6144K)
 Metaspace       used 35093K, capacity 35838K, committed 35840K, reserved 1081344K
  class space    used 4550K, capacity 4864K, committed 4864K, reserved 1048576K
}
Event: 9.136 GC heap before
{Heap before GC invocations=6 (full 0):
 garbage-first heap   total 260096K, used 124420K [0x0000000080000000, 0x0000000100000000)
  region size 1024K, 103 young (105472K), 6 survivors (6144K)
 Metaspace       used 42965K, capacity 44093K, committed 44288K, reserved 1087488K
  class space    used 5476K, capacity 5856K, committed 5888K, reserved 1048576K
}
Event: 9.145 GC heap after
{Heap after GC invocations=7 (full 0):
 garbage-first heap   total 260096K, used 28437K [0x0000000080000000, 0x0000000100000000)
  region size 1024K, 12 young (12288K), 12 survivors (12288K)
 Metaspace       used 42965K, capacity 44093K, committed 44288K, reserved 1087488K
  class space    used 5476K, capacity 5856K, committed 5888K, reserved 1048576K
}

